<?xml version="1.0" encoding="UTF-8"?>
<!-- Generated by org.testng.reporters.JUnitReportReporter -->
<testsuite hostname="LAPTOP-3MVTQCKB" failures="0" tests="3" name="testNG.TestNGDataProviderConcept" time="0.021" errors="0" timestamp="23 Feb 2021 03:02:04 GMT" skipped="0">
  <testcase classname="testNG.TestNGDataProviderConcept" name="test" time="0.002"/>
  <testcase classname="testNG.TestNGDataProviderConcept" name="test" time="0.001"/>
  <testcase classname="testNG.TestNGDataProviderConcept" name="test" time="0.018"/>
</testsuite> <!-- testNG.TestNGDataProviderConcept -->
