<?xml version="1.0" encoding="UTF-8"?>
<!-- Generated by org.testng.reporters.JUnitReportReporter -->
<testsuite hostname="LAPTOP-3MVTQCKB" failures="0" tests="2" name="testNG.TestNGDependentConcept" time="0.010" errors="0" timestamp="23 Feb 2021 03:56:04 GMT" skipped="0">
  <testcase classname="testNG.TestNGDependentConcept" name="testLogin" time="0.008"/>
  <testcase classname="testNG.TestNGDependentConcept" name="testLogOut" time="0.002"/>
</testsuite> <!-- testNG.TestNGDependentConcept -->
