<?xml version="1.0" encoding="UTF-8"?>
<!-- Generated by org.testng.reporters.JUnitReportReporter -->
<testsuite hostname="LAPTOP-3MVTQCKB" failures="0" tests="5" name="testNG.TestNgroups$TestNGgroups" time="0.018" errors="0" timestamp="23 Feb 2021 00:59:25 GMT" skipped="0">
  <testcase classname="testNG.TestNgroups$TestNGgroups" name="testFour" time="0.002"/>
  <testcase classname="testNG.TestNgroups$TestNGgroups" name="testThree" time="0.001"/>
  <testcase classname="testNG.TestNgroups$TestNGgroups" name="testFive" time="0.001"/>
  <testcase classname="testNG.TestNgroups$TestNGgroups" name="testTwo" time="0.002"/>
  <testcase classname="testNG.TestNgroups$TestNGgroups" name="test" time="0.012"/>
</testsuite> <!-- testNG.TestNgroups$TestNGgroups -->
