<?xml version="1.0" encoding="UTF-8"?>
<!-- Generated by org.testng.reporters.JUnitReportReporter -->
<testsuite hostname="LAPTOP-3MVTQCKB" failures="0" tests="5" name="testNG.TestNGgroups" time="0.014" errors="0" timestamp="23 Feb 2021 03:54:58 GMT" skipped="0">
  <testcase classname="testNG.TestNGgroups" name="testTwo" time="0.001"/>
  <testcase classname="testNG.TestNGgroups" name="testThree" time="0.001"/>
  <testcase classname="testNG.TestNGgroups" name="testFour" time="0.001"/>
  <testcase classname="testNG.TestNGgroups" name="test" time="0.010"/>
  <testcase classname="testNG.TestNGgroups" name="testFive" time="0.001"/>
</testsuite> <!-- testNG.TestNGgroups -->
